<?xml version="1.0" encoding="UTF-8"?>
<!-- Generated by org.testng.reporters.JUnitXMLReporter -->
<testsuite ignored="0" hostname="Vicky-PC" failures="0" tests="4" name="Test" time="55.914" errors="0" timestamp="2023-08-26T12:17:46 IST">
  <testcase classname="e_Commerce.Amazon" name="AmazonTest" time="14.929"/>
  <testcase classname="e_Commerce.Ajio" name="AjioTest" time="21.445"/>
  <testcase classname="e_Commerce.Flipkart" name="FlipkartTest" time="10.576"/>
  <testcase classname="e_Commerce.Meesho" name="MeeshoTest" time="8.846"/>
</testsuite> <!-- Test -->
