<?xml version="1.0" encoding="UTF-8"?>
<!-- Generated by org.testng.reporters.JUnitXMLReporter -->
<testsuite ignored="0" hostname="Vicky-PC" failures="0" tests="4" name="Test" time="47.131" errors="0" timestamp="2023-08-26T12:48:10 IST">
  <testcase classname="e_Commerce.Amazon" name="AmazonTest" time="15.324"/>
  <testcase classname="e_Commerce.Ajio" name="AjioTest" time="14.035"/>
  <testcase classname="e_Commerce.Flipkart" name="FlipkartTest" time="6.76"/>
  <testcase classname="e_Commerce.Meesho" name="MeeshoTest" time="10.918"/>
</testsuite> <!-- Test -->
