<?xml version="1.0" encoding="UTF-8"?>
<testng-results ignored="0" total="4" passed="4" failed="0" skipped="0">
  <reporter-output>
    <line>
      <![CDATA[Amazon opening in Browser]]>
    </line>
    <line>
      <![CDATA[Ajio opening in Browser]]>
    </line>
    <line>
      <![CDATA[Flipkart opening in Browser]]>
    </line>
    <line>
      <![CDATA[Meesho opening in Browser]]>
    </line>
  </reporter-output>
  <suite started-at="2023-08-26T12:47:23 IST" name="Suite" finished-at="2023-08-26T12:48:10 IST" duration-ms="47131">
    <groups>
    </groups>
    <test started-at="2023-08-26T12:47:23 IST" name="Test" finished-at="2023-08-26T12:48:10 IST" duration-ms="47131">
      <class name="e_Commerce.Amazon">
        <test-method signature="AmazonTest()[pri:0, instance:e_Commerce.Amazon@7bd4937b]" started-at="2023-08-26T12:47:23 IST" name="AmazonTest" finished-at="2023-08-26T12:47:39 IST" duration-ms="15324" status="PASS">
          <reporter-output>
            <line>
              <![CDATA[Amazon opening in Browser]]>
            </line>
          </reporter-output>
        </test-method> <!-- AmazonTest -->
      </class> <!-- e_Commerce.Amazon -->
      <class name="e_Commerce.Flipkart">
        <test-method signature="FlipkartTest()[pri:0, instance:e_Commerce.Flipkart@485966cc]" started-at="2023-08-26T12:47:53 IST" name="FlipkartTest" finished-at="2023-08-26T12:48:00 IST" duration-ms="6760" status="PASS">
          <reporter-output>
            <line>
              <![CDATA[Flipkart opening in Browser]]>
            </line>
          </reporter-output>
        </test-method> <!-- FlipkartTest -->
      </class> <!-- e_Commerce.Flipkart -->
      <class name="e_Commerce.Ajio">
        <test-method signature="AjioTest()[pri:0, instance:e_Commerce.Ajio@5d0a1059]" started-at="2023-08-26T12:47:39 IST" name="AjioTest" finished-at="2023-08-26T12:47:53 IST" duration-ms="14035" status="PASS">
          <reporter-output>
            <line>
              <![CDATA[Ajio opening in Browser]]>
            </line>
          </reporter-output>
        </test-method> <!-- AjioTest -->
      </class> <!-- e_Commerce.Ajio -->
      <class name="e_Commerce.Meesho">
        <test-method signature="MeeshoTest()[pri:0, instance:e_Commerce.Meesho@1de76cc7]" started-at="2023-08-26T12:48:00 IST" name="MeeshoTest" finished-at="2023-08-26T12:48:10 IST" duration-ms="10918" status="PASS">
          <reporter-output>
            <line>
              <![CDATA[Meesho opening in Browser]]>
            </line>
          </reporter-output>
        </test-method> <!-- MeeshoTest -->
      </class> <!-- e_Commerce.Meesho -->
    </test> <!-- Test -->
  </suite> <!-- Suite -->
</testng-results>
