<?xml version="1.0" encoding="UTF-8"?>
<testng-results ignored="0" total="4" passed="4" failed="0" skipped="0">
  <reporter-output>
    <line>
      <![CDATA[Amazon opening in Browser]]>
    </line>
    <line>
      <![CDATA[Ajio opening in Browser]]>
    </line>
    <line>
      <![CDATA[Flipkart opening in Browser]]>
    </line>
    <line>
      <![CDATA[Meesho opening in Browser]]>
    </line>
  </reporter-output>
  <suite started-at="2023-08-26T12:16:50 IST" name="Suite" finished-at="2023-08-26T12:17:46 IST" duration-ms="55914">
    <groups>
    </groups>
    <test started-at="2023-08-26T12:16:50 IST" name="Test" finished-at="2023-08-26T12:17:46 IST" duration-ms="55914">
      <class name="e_Commerce.Amazon">
        <test-method signature="AmazonTest()[pri:0, instance:e_Commerce.Amazon@55634720]" started-at="2023-08-26T12:16:50 IST" name="AmazonTest" finished-at="2023-08-26T12:17:05 IST" duration-ms="14929" status="PASS">
          <reporter-output>
            <line>
              <![CDATA[Amazon opening in Browser]]>
            </line>
          </reporter-output>
        </test-method> <!-- AmazonTest -->
      </class> <!-- e_Commerce.Amazon -->
      <class name="e_Commerce.Flipkart">
        <test-method signature="FlipkartTest()[pri:0, instance:e_Commerce.Flipkart@73e9cf30]" started-at="2023-08-26T12:17:26 IST" name="FlipkartTest" finished-at="2023-08-26T12:17:37 IST" duration-ms="10576" status="PASS">
          <reporter-output>
            <line>
              <![CDATA[Flipkart opening in Browser]]>
            </line>
          </reporter-output>
        </test-method> <!-- FlipkartTest -->
      </class> <!-- e_Commerce.Flipkart -->
      <class name="e_Commerce.Ajio">
        <test-method signature="AjioTest()[pri:0, instance:e_Commerce.Ajio@272113c4]" started-at="2023-08-26T12:17:05 IST" name="AjioTest" finished-at="2023-08-26T12:17:26 IST" duration-ms="21445" status="PASS">
          <reporter-output>
            <line>
              <![CDATA[Ajio opening in Browser]]>
            </line>
          </reporter-output>
        </test-method> <!-- AjioTest -->
      </class> <!-- e_Commerce.Ajio -->
      <class name="e_Commerce.Meesho">
        <test-method signature="MeeshoTest()[pri:0, instance:e_Commerce.Meesho@771a660]" started-at="2023-08-26T12:17:37 IST" name="MeeshoTest" finished-at="2023-08-26T12:17:46 IST" duration-ms="8846" status="PASS">
          <reporter-output>
            <line>
              <![CDATA[Meesho opening in Browser]]>
            </line>
          </reporter-output>
        </test-method> <!-- MeeshoTest -->
      </class> <!-- e_Commerce.Meesho -->
    </test> <!-- Test -->
  </suite> <!-- Suite -->
</testng-results>
